<?xml version="1.0" encoding="UTF-8"?>
<!-- Generated by org.testng.reporters.JUnitReportReporter -->
<testsuite skipped="0" hostname="MacBook-Pro-de-Rodrigo-2.local" name="com.falabella.test.cl.T1" tests="1" failures="0" timestamp="16 sep 2018 23:07:58 GMT" time="12.502" errors="0">
  <testcase name="SearhProductInHomePage1" time="12.502" classname="com.falabella.test.cl.T1"/>
</testsuite> <!-- com.falabella.test.cl.T1 -->
