<?xml version="1.0" encoding="UTF-8"?>
<!-- Generated by org.testng.reporters.JUnitReportReporter -->
<testsuite skipped="0" hostname="MacBook-Pro-de-Rodrigo-2.local" name="com.falabella.test.cl.T2" tests="1" failures="0" timestamp="16 sep 2018 21:16:49 GMT" time="21.438" errors="0">
  <testcase name="SearhProductInHomePage2" time="21.438" classname="com.falabella.test.cl.T2"/>
</testsuite> <!-- com.falabella.test.cl.T2 -->
