<?xml version="1.0" encoding="UTF-8"?>
<!-- Generated by org.testng.reporters.JUnitReportReporter -->
<testsuite hostname="MOBBALVANTRAY.Falabella.com" failures="0" tests="1" name="com.falabella.test.cl.T1" time="11.572" errors="0" timestamp="30 jul. 2018 19:51:57 GMT+00:00" skipped="0">
  <testcase classname="com.falabella.test.cl.T1" name="Searh_Product_In_HomePage_1" time="11.572"/>
</testsuite> <!-- com.falabella.test.cl.T1 -->
